<coverage generated="1659750179">
  <project timestamp="1659750179">
    <file name="lib/object_to_graphql.rb">
      <line type="stmt" num="3" count="1"/>
      <line type="stmt" num="4" count="1"/>
      <line type="stmt" num="5" count="1"/>
      <line type="stmt" num="7" count="1"/>
      <line type="stmt" num="8" count="1"/>
      <line type="stmt" num="9" count="1"/>
      <line type="stmt" num="11" count="1"/>
      <line type="stmt" num="12" count="1"/>
      <line type="stmt" num="13" count="4"/>
      <line type="stmt" num="14" count="4"/>
      <metrics ncloc="10" coveredelements="10" elements="10"/>
    </file>

    <file name="lib/object_to_graphql/nodes.rb">
      <line type="stmt" num="1" count="1"/>
      <line type="stmt" num="2" count="1"/>
      <line type="stmt" num="3" count="1"/>
      <line type="stmt" num="5" count="1"/>
      <line type="stmt" num="7" count="1"/>
      <line type="stmt" num="8" count="1"/>
      <line type="stmt" num="10" count="1"/>
      <line type="stmt" num="11" count="20"/>
      <line type="stmt" num="12" count="20"/>
      <line type="stmt" num="16" count="1"/>
      <line type="stmt" num="17" count="1"/>
      <line type="stmt" num="18" count="1"/>
      <line type="stmt" num="19" count="1"/>
      <line type="stmt" num="20" count="1"/>
      <metrics ncloc="14" coveredelements="14" elements="14"/>
    </file>

    <file name="lib/object_to_graphql/object_parser.rb">
      <line type="stmt" num="1" count="1"/>
      <line type="stmt" num="2" count="1"/>
      <line type="stmt" num="3" count="1"/>
      <line type="stmt" num="4" count="4"/>
      <line type="stmt" num="7" count="1"/>
      <line type="stmt" num="8" count="1"/>
      <line type="stmt" num="9" count="1"/>
      <line type="stmt" num="11" count="1"/>
      <line type="stmt" num="12" count="4"/>
      <line type="stmt" num="13" count="4"/>
      <line type="stmt" num="14" count="4"/>
      <line type="stmt" num="17" count="1"/>
      <line type="stmt" num="18" count="4"/>
      <line type="stmt" num="19" count="4"/>
      <line type="stmt" num="20" count="4"/>
      <line type="stmt" num="25" count="4"/>
      <line type="stmt" num="28" count="1"/>
      <line type="stmt" num="29" count="12"/>
      <line type="stmt" num="30" count="20"/>
      <line type="stmt" num="31" count="20"/>
      <line type="stmt" num="33" count="20"/>
      <line type="stmt" num="35" count="4"/>
      <line type="stmt" num="39" count="4"/>
      <line type="stmt" num="43" count="12"/>
      <line type="stmt" num="50" count="1"/>
      <line type="stmt" num="51" count="45"/>
      <line type="stmt" num="54" count="1"/>
      <line type="stmt" num="55" count="20"/>
      <line type="stmt" num="57" count="5"/>
      <line type="stmt" num="64" count="1"/>
      <line type="stmt" num="65" count="5"/>
      <line type="stmt" num="66" count="1"/>
      <line type="stmt" num="68" count="4"/>
      <line type="stmt" num="72" count="1"/>
      <line type="stmt" num="73" count="8"/>
      <line type="stmt" num="74" count="1"/>
      <line type="stmt" num="79" count="1"/>
      <line type="stmt" num="80" count="1"/>
      <line type="stmt" num="83" count="1"/>
      <line type="stmt" num="84" count="1"/>
      <line type="stmt" num="85" count="1"/>
      <line type="stmt" num="87" count="1"/>
      <line type="stmt" num="89" count="1"/>
      <line type="stmt" num="90" count="1"/>
      <line type="stmt" num="92" count="0"/>
      <metrics ncloc="45" coveredelements="44" elements="45"/>
    </file>

    <file name="spec/object_to_graphql_spec.rb">
      <line type="stmt" num="3" count="1"/>
      <line type="stmt" num="4" count="1"/>
      <line type="stmt" num="6" count="1"/>
      <line type="stmt" num="15" count="1"/>
      <line type="stmt" num="17" count="1"/>
      <line type="stmt" num="30" count="1"/>
      <line type="stmt" num="32" count="1"/>
      <line type="stmt" num="42" count="1"/>
      <line type="stmt" num="45" count="1"/>
      <line type="stmt" num="47" count="1"/>
      <line type="stmt" num="60" count="1"/>
      <line type="stmt" num="62" count="1"/>
      <line type="stmt" num="72" count="1"/>
      <line type="stmt" num="77" count="1"/>
      <line type="stmt" num="79" count="1"/>
      <line type="stmt" num="92" count="1"/>
      <line type="stmt" num="94" count="1"/>
      <line type="stmt" num="104" count="1"/>
      <line type="stmt" num="107" count="1"/>
      <line type="stmt" num="110" count="1"/>
      <line type="stmt" num="112" count="1"/>
      <metrics ncloc="21" coveredelements="21" elements="21"/>
    </file>

    <metrics ncloc="90" coveredelements="89" elements="90"/>
  </project>

</coverage>
