<?xml version='1.0'?>
<!DOCTYPE coverage SYSTEM "http://cobertura.sourceforge.net/xml/coverage-04.dtd">
<!-- Generated by simplecov-cobertura version 2.1.0 (https://github.com/dashingrocket/simplecov-cobertura) -->
<coverage line-rate="0.99" lines-covered="92" lines-valid="93" branches-covered="10" branches-valid="13" branch-rate="0.77" complexity="0" version="0" timestamp="1659755053">
  <sources>
    <source>/Users/meganemura/src/github.com/meganemura/object_to_graphql</source>
  </sources>
  <packages>
    <package name="object_to_graphql" line-rate="0.99" branch-rate="0.77" complexity="0">
      <classes>
        <class name="object_to_graphql" filename="lib/object_to_graphql.rb" line-rate="1.0" branch-rate="0.5" complexity="0">
          <methods/>
          <lines>
            <line number="3" hits="1" branch="false"/>
            <line number="4" hits="1" branch="false"/>
            <line number="5" hits="1" branch="false"/>
            <line number="7" hits="1" branch="false"/>
            <line number="8" hits="1" branch="false"/>
            <line number="9" hits="1" branch="false"/>
            <line number="18" hits="1" branch="false"/>
            <line number="24" hits="2" branch="true" condition-coverage="100% (1/1)"/>
            <line number="29" hits="1" branch="true" condition-coverage="50% (1/2)"/>
            <line number="31" hits="1" branch="false"/>
            <line number="32" hits="1" branch="false"/>
            <line number="33" hits="4" branch="false"/>
            <line number="34" hits="4" branch="false"/>
          </lines>
        </class>
        <class name="nodes" filename="lib/object_to_graphql/nodes.rb" line-rate="1.0" branch-rate="1.0" complexity="0">
          <methods/>
          <lines>
            <line number="1" hits="1" branch="false"/>
            <line number="2" hits="1" branch="false"/>
            <line number="3" hits="1" branch="false"/>
            <line number="5" hits="1" branch="false"/>
            <line number="7" hits="1" branch="false"/>
            <line number="8" hits="1" branch="false"/>
            <line number="10" hits="1" branch="false"/>
            <line number="11" hits="20" branch="false"/>
            <line number="12" hits="20" branch="false"/>
            <line number="16" hits="1" branch="false"/>
            <line number="17" hits="1" branch="false"/>
            <line number="18" hits="1" branch="false"/>
            <line number="19" hits="1" branch="false"/>
            <line number="20" hits="1" branch="false"/>
          </lines>
        </class>
        <class name="object_parser" filename="lib/object_to_graphql/object_parser.rb" line-rate="0.98" branch-rate="0.89" complexity="0">
          <methods/>
          <lines>
            <line number="1" hits="1" branch="false"/>
            <line number="2" hits="1" branch="false"/>
            <line number="3" hits="1" branch="false"/>
            <line number="4" hits="4" branch="false"/>
            <line number="7" hits="1" branch="false"/>
            <line number="8" hits="1" branch="false"/>
            <line number="9" hits="1" branch="false"/>
            <line number="11" hits="1" branch="false"/>
            <line number="12" hits="4" branch="false"/>
            <line number="13" hits="4" branch="false"/>
            <line number="14" hits="4" branch="false"/>
            <line number="17" hits="1" branch="false"/>
            <line number="18" hits="4" branch="false"/>
            <line number="19" hits="4" branch="true" condition-coverage="100% (1/1)"/>
            <line number="20" hits="4" branch="false"/>
            <line number="25" hits="4" branch="false"/>
            <line number="28" hits="1" branch="false"/>
            <line number="29" hits="12" branch="false"/>
            <line number="30" hits="20" branch="false"/>
            <line number="31" hits="20" branch="false"/>
            <line number="33" hits="20" branch="false"/>
            <line number="35" hits="4" branch="true" condition-coverage="100% (1/1)"/>
            <line number="39" hits="4" branch="true" condition-coverage="100% (1/1)"/>
            <line number="43" hits="12" branch="true" condition-coverage="100% (1/1)"/>
            <line number="50" hits="1" branch="false"/>
            <line number="51" hits="45" branch="false"/>
            <line number="54" hits="1" branch="false"/>
            <line number="55" hits="20" branch="false"/>
            <line number="57" hits="5" branch="false"/>
            <line number="64" hits="1" branch="false"/>
            <line number="65" hits="5" branch="false"/>
            <line number="66" hits="1" branch="true" condition-coverage="100% (1/1)"/>
            <line number="68" hits="4" branch="true" condition-coverage="100% (1/1)"/>
            <line number="72" hits="1" branch="false"/>
            <line number="73" hits="8" branch="false"/>
            <line number="74" hits="1" branch="false"/>
            <line number="79" hits="1" branch="false"/>
            <line number="80" hits="1" branch="false"/>
            <line number="83" hits="1" branch="false"/>
            <line number="84" hits="1" branch="false"/>
            <line number="85" hits="1" branch="false"/>
            <line number="87" hits="1" branch="false"/>
            <line number="89" hits="1" branch="false"/>
            <line number="90" hits="1" branch="true" condition-coverage="100% (1/1)"/>
            <line number="92" hits="0" branch="true" condition-coverage="0% (0/1)"/>
          </lines>
        </class>
        <class name="object_to_graphql_spec" filename="spec/object_to_graphql_spec.rb" line-rate="1.0" branch-rate="1.0" complexity="0">
          <methods/>
          <lines>
            <line number="3" hits="1" branch="false"/>
            <line number="4" hits="1" branch="false"/>
            <line number="6" hits="1" branch="false"/>
            <line number="15" hits="1" branch="false"/>
            <line number="17" hits="1" branch="false"/>
            <line number="30" hits="1" branch="false"/>
            <line number="32" hits="1" branch="false"/>
            <line number="42" hits="1" branch="false"/>
            <line number="45" hits="1" branch="false"/>
            <line number="47" hits="1" branch="false"/>
            <line number="60" hits="1" branch="false"/>
            <line number="62" hits="1" branch="false"/>
            <line number="72" hits="1" branch="false"/>
            <line number="77" hits="1" branch="false"/>
            <line number="79" hits="1" branch="false"/>
            <line number="92" hits="1" branch="false"/>
            <line number="94" hits="1" branch="false"/>
            <line number="104" hits="1" branch="false"/>
            <line number="107" hits="1" branch="false"/>
            <line number="110" hits="1" branch="false"/>
            <line number="112" hits="1" branch="false"/>
          </lines>
        </class>
      </classes>
    </package>
  </packages>
</coverage>
